
Session altered.

Elapsed: 00:00:00.07
###
Executing create_tablespace.sql
###
old   1: CREATE TABLESPACE &&DATA_TABLESPACE_NAME
new   1: CREATE TABLESPACE JAVA_EPAM_DATA
old   2: 	DATAFILE '&&DATA_TABLESPACE_DBF_FILE' SIZE 5M AUTOEXTEND ON NEXT 10M MAXSIZE 2G
new   2: 	DATAFILE 'F:\DB_JAVA_TEST\JAVA_EPAM_DATA.dbf' SIZE 5M AUTOEXTEND ON NEXT 10M MAXSIZE 2G

Tablespace created.

Elapsed: 00:00:01.06
###
Executing create_schema.sql
###
old   1: CREATE USER &&SCHEMA_NAME
new   1: CREATE USER JAVA_EPAM
old   2:  IDENTIFIED BY &&SCHEMA_PASSWORD
new   2:  IDENTIFIED BY oracle
old   3:  DEFAULT TABLESPACE &&DEFAULT_TABLESPACE
new   3:  DEFAULT TABLESPACE JAVA_EPAM_DATA
old   5:  QUOTA UNLIMITED on &&DEFAULT_TABLESPACE
new   5:  QUOTA UNLIMITED on JAVA_EPAM_DATA

User created.

Elapsed: 00:00:00.35
