Enter value for 1: MMF_9_13
'run drop_schema with param user_name = MMF_9_13'
old   1: DROP USER &&USER_NAME CASCADE
new   1: DROP USER MMF_9_13 CASCADE

User dropped.

Elapsed: 00:00:04.83
'MMF_9_13 dropped'
'run drop_tablespace.sql with param user_name = MMF_9_13'
old   1: DROP TABLESPACE &&TBS_DATA_NAME
new   1: DROP TABLESPACE MMF_9_13_DATA

Tablespace dropped.

Elapsed: 00:00:00.45
'MMF_9_13_DATA dropped'
old   1: DROP TABLESPACE &&TBS_IDX_NAME
new   1: DROP TABLESPACE MMF_9_13_IDX
DROP TABLESPACE MMF_9_13_IDX
*
ERROR at line 1:
ORA-00959: tablespace 'MMF_9_13_IDX' does not exist 


Elapsed: 00:00:00.00
'MMF_9_13_IDX dropped'
