#
# There is insufficient memory for the Java Runtime Environment to continue.
# Native memory allocation (malloc) failed to allocate 1048576 bytes for AllocateHeap
# Possible reasons:
#   The system is out of physical RAM or swap space
#   In 32 bit mode, the process size limit was hit
# Possible solutions:
#   Reduce memory load on the system
#   Increase physical memory or swap space
#   Check if swap backing store is full
#   Use 64 bit Java on a 64 bit OS
#   Decrease Java heap size (-Xmx/-Xms)
#   Decrease number of Java threads
#   Decrease Java thread stack sizes (-Xss)
#   Set larger code cache with -XX:ReservedCodeCacheSize=
# This output file may be truncated or incomplete.
#
#  Out of Memory Error (memory/allocation.inline.hpp:61), pid=8328, tid=0x0000000000000804
#
# JRE version:  (8.0_191-b12) (build )
# Java VM: Java HotSpot(TM) 64-Bit Server VM (25.191-b12 mixed mode windows-amd64 compressed oops)
# Failed to write core dump. Minidumps are not enabled by default on client versions of Windows
#

---------------  T H R E A D  ---------------

Current thread (0x00000000025a3800):  JavaThread "Unknown thread" [_thread_in_vm, id=2052, stack(0x0000000002360000,0x0000000002460000)]

Stack: [0x0000000002360000,0x0000000002460000]
[error occurred during error reporting (printing stack bounds), id 0xc0000005]

Native frames: (J=compiled Java code, j=interpreted, Vv=VM code, C=native code)


---------------  P R O C E S S  ---------------

Java Threads: ( => current thread )

Other Threads:

=>0x00000000025a3800 (exited) JavaThread "Unknown thread" [_thread_in_vm, id=2052, stack(0x0000000002360000,0x0000000002460000)]

VM state:not at safepoint (normal execution)

VM Mutex/Monitor currently owned by a thread: None

Heap:
 PSYoungGen      total 38400K, used 665K [0x00000000d5f80000, 0x00000000d8a00000, 0x0000000100000000)
  eden space 33280K, 2% used [0x00000000d5f80000,0x00000000d6026670,0x00000000d8000000)
  from space 5120K, 0% used [0x00000000d8500000,0x00000000d8500000,0x00000000d8a00000)
  to   space 5120K, 0% used [0x00000000d8000000,0x00000000d8000000,0x00000000d8500000)
 ParOldGen       total 87552K, used 0K [0x0000000081e00000, 0x0000000087380000, 0x00000000d5f80000)
  object space 87552K, 0% used [0x0000000081e00000,0x0000000081e00000,0x0000000087380000)
 Metaspace       used 775K, capacity 4480K, committed 4480K, reserved 1056768K
  class space    used 76K, capacity 384K, committed 384K, reserved 1048576K

Card table byte_map: [0x0000000011a60000,0x0000000011e60000] byte_map_base: 0x0000000011651000

Marking Bits: (ParMarkBitMap*) 0x00000000597c3e30
 Begin Bits: [0x0000000012910000, 0x0000000014898000)
 End Bits:   [0x0000000014898000, 0x0000000016820000)

Polling page: 0x00000000001e0000

CodeCache: size=245760Kb used=328Kb max_used=328Kb free=245431Kb
 bounds [0x00000000026a0000, 0x0000000002910000, 0x00000000116a0000]
 total_blobs=58 nmethods=0 adapters=38
 compilation: enabled

Compilation events (0 events):
No events

GC Heap History (0 events):
No events

Deoptimization events (0 events):
No events

Classes redefined (0 events):
No events

Internal exceptions (0 events):
No events

Events (10 events):
Event: 0.055 loading class java/lang/Short
Event: 0.055 loading class java/lang/Short done
Event: 0.055 loading class java/lang/Integer
Event: 0.055 loading class java/lang/Integer done
Event: 0.055 loading class java/lang/Long
Event: 0.056 loading class java/lang/Long done
Event: 0.057 loading class java/lang/NullPointerException
Event: 0.057 loading class java/lang/NullPointerException done
Event: 0.057 loading class java/lang/ArithmeticException
Event: 0.057 loading class java/lang/ArithmeticException done


Dynamic libraries:
0x00007ff7f7190000 - 0x00007ff7f71c7000 	C:\Program Files\Java\jdk1.8.0_191\bin\java.exe
0x00007ffe96b20000 - 0x00007ffe96d10000 	C:\WINDOWS\SYSTEM32\ntdll.dll
0x00007ffe95440000 - 0x00007ffe954f2000 	C:\WINDOWS\System32\KERNEL32.DLL
0x00007ffe94680000 - 0x00007ffe94924000 	C:\WINDOWS\System32\KERNELBASE.dll
0x00007ffe96a30000 - 0x00007ffe96ad3000 	C:\WINDOWS\System32\ADVAPI32.dll
0x00007ffe953a0000 - 0x00007ffe9543e000 	C:\WINDOWS\System32\msvcrt.dll
0x00007ffe962a0000 - 0x00007ffe96337000 	C:\WINDOWS\System32\sechost.dll
0x00007ffe95f60000 - 0x00007ffe96080000 	C:\WINDOWS\System32\RPCRT4.dll
0x00007ffe95870000 - 0x00007ffe95a04000 	C:\WINDOWS\System32\USER32.dll
0x00007ffe94650000 - 0x00007ffe94671000 	C:\WINDOWS\System32\win32u.dll
0x00007ffe96270000 - 0x00007ffe96296000 	C:\WINDOWS\System32\GDI32.dll
0x00007ffe93ab0000 - 0x00007ffe93c44000 	C:\WINDOWS\System32\gdi32full.dll
0x00007ffe94980000 - 0x00007ffe94a1e000 	C:\WINDOWS\System32\msvcp_win.dll
0x00007ffe94a20000 - 0x00007ffe94b1a000 	C:\WINDOWS\System32\ucrtbase.dll
0x00007ffe74880000 - 0x00007ffe74b04000 	C:\WINDOWS\WinSxS\amd64_microsoft.windows.common-controls_6595b64144ccf1df_6.0.18362.836_none_e6c4b943130f18ed\COMCTL32.dll
0x00007ffe94ca0000 - 0x00007ffe94fd6000 	C:\WINDOWS\System32\combase.dll
0x00007ffe93c70000 - 0x00007ffe93cf0000 	C:\WINDOWS\System32\bcryptPrimitives.dll
0x00007ffe96230000 - 0x00007ffe9625e000 	C:\WINDOWS\System32\IMM32.DLL
0x000000005b390000 - 0x000000005b462000 	C:\Program Files\Java\jdk1.8.0_191\jre\bin\msvcr100.dll
0x0000000058fa0000 - 0x0000000059844000 	C:\Program Files\Java\jdk1.8.0_191\jre\bin\server\jvm.dll
0x00007ffe96260000 - 0x00007ffe96268000 	C:\WINDOWS\System32\PSAPI.DLL
0x00007ffe8aba0000 - 0x00007ffe8abc4000 	C:\WINDOWS\SYSTEM32\WINMM.dll
0x00007ffe66a10000 - 0x00007ffe66a19000 	C:\WINDOWS\SYSTEM32\WSOCK32.dll
0x00007ffe8c550000 - 0x00007ffe8c55a000 	C:\WINDOWS\SYSTEM32\VERSION.dll
0x00007ffe95040000 - 0x00007ffe950af000 	C:\WINDOWS\System32\WS2_32.dll
0x00007ffe8a950000 - 0x00007ffe8a97d000 	C:\WINDOWS\SYSTEM32\winmmbase.dll
0x00007ffe94930000 - 0x00007ffe9497a000 	C:\WINDOWS\System32\cfgmgr32.dll
0x000000005b380000 - 0x000000005b38f000 	C:\Program Files\Java\jdk1.8.0_191\jre\bin\verify.dll
0x000000005b350000 - 0x000000005b379000 	C:\Program Files\Java\jdk1.8.0_191\jre\bin\java.dll
0x000000005b300000 - 0x000000005b323000 	C:\Program Files\Java\jdk1.8.0_191\jre\bin\instrument.dll
0x000000005b330000 - 0x000000005b346000 	C:\Program Files\Java\jdk1.8.0_191\jre\bin\zip.dll

VM Arguments:
jvm_args: -javaagent:C:\Program Files\JetBrains\IntelliJ IDEA 2019.3.3\lib\idea_rt.jar=52272:C:\Program Files\JetBrains\IntelliJ IDEA 2019.3.3\bin -Dfile.encoding=UTF-8 
java_command: com.company.Main
java_class_path (initial): C:\Program Files\Java\jdk1.8.0_191\jre\lib\charsets.jar;C:\Program Files\Java\jdk1.8.0_191\jre\lib\deploy.jar;C:\Program Files\Java\jdk1.8.0_191\jre\lib\ext\access-bridge-64.jar;C:\Program Files\Java\jdk1.8.0_191\jre\lib\ext\cldrdata.jar;C:\Program Files\Java\jdk1.8.0_191\jre\lib\ext\dnsns.jar;C:\Program Files\Java\jdk1.8.0_191\jre\lib\ext\jaccess.jar;C:\Program Files\Java\jdk1.8.0_191\jre\lib\ext\jfxrt.jar;C:\Program Files\Java\jdk1.8.0_191\jre\lib\ext\localedata.jar;C:\Program Files\Java\jdk1.8.0_191\jre\lib\ext\nashorn.jar;C:\Program Files\Java\jdk1.8.0_191\jre\lib\ext\sunec.jar;C:\Program Files\Java\jdk1.8.0_191\jre\lib\ext\sunjce_provider.jar;C:\Program Files\Java\jdk1.8.0_191\jre\lib\ext\sunmscapi.jar;C:\Program Files\Java\jdk1.8.0_191\jre\lib\ext\sunpkcs11.jar;C:\Program Files\Java\jdk1.8.0_191\jre\lib\ext\zipfs.jar;C:\Program Files\Java\jdk1.8.0_191\jre\lib\javaws.jar;C:\Program Files\Java\jdk1.8.0_191\jre\lib\jce.jar;C:\Program Files\Java\jdk1.8.0_191\jre\lib\jfr.jar;C:\Program Files\Java\jdk1.8.0_191\jre\lib\jfxswt.jar;C:\Program Files\Java\jdk1.8.0_191\jre\lib\jsse.jar;C:\Program Files\Java\jdk1.8.0_191\jre\lib\management-agent.jar;C:\Program Files\Java\jdk1.8.0_191\jre\lib\plugin.jar;C:\Program Files\Java\jdk1.8.0_191\jre\lib\resources.jar;C:\Program Files\Java\jdk1.8.0_191\jre\lib\rt.jar;C:\Users\Lenovo\IdeaProjects\task12_1\target\classes;C:\Users\Lenovo\IdeaProjects\task12_1\lib\mysql-connector-java-5.1.48.jar;C:\Program Files\JetBrains\IntelliJ IDEA 2019.3.3\lib\idea_rt.jar
Launcher Type: SUN_STANDARD

Environment Variables:
PATH=E:\DB\19c\bin;C:\Program Files\Microsoft MPI\Bin\;C:\ProgramData\DockerDesktop\version-bin;C:\Program Files\Docker\Docker\Resources\bin;C:\WINDOWS\system32;C:\WINDOWS;C:\WINDOWS\System32\Wbem;C:\WINDOWS\System32\WindowsPowerShell\v1.0\;C:\WINDOWS\System32\OpenSSH\;C:\Program Files\nodejs\;C:\Program Files (x86)\Microsoft SQL Server\140\Tools\Binn\;C:\Program Files\Microsoft SQL Server\140\Tools\Binn\;C:\Program Files (x86)\Microsoft SQL Server\140\DTS\Binn\;C:\Program Files\Microsoft SQL Server\140\DTS\Binn\;C:\Program Files\Microsoft SQL Server\Client SDK\ODBC\130\Tools\Binn\;C:\Program Files (x86)\Microsoft SQL Server\150\DTS\Binn\;C:\Program Files\dotnet\;C:\Program Files\Microsoft SQL Server\110\Tools\Binn\;C:\PHP;C:\Program Files\gradle-6.3\bin;C:\Program Files\Java\jdk1.8.0_191\jre\lib;c:\Program Files\Java\jdk1.8.0_191\bin;c:\Program Files\apache-maven-3.6.3\bin;C:\Program Files\MySQL\MySQL Shell 8.0\bin\;C:\Users\Lenovo\AppData\Local\Programs\Python\Python36\Scripts\;C:\Users\Lenovo\AppData\Local\Programs\Python\Python36\;C:\Users\Lenovo\AppData\Local\Microsoft\WindowsApps;C:\Users\Lenovo\AppData\Roaming\npm;C:\Program Files\Docker Toolbox;C:\Users\Lenovo\AppData\Local\Programs\Microsoft VS Code\bin;;C:\Program Files\JetBrains\IntelliJ IDEA 2019.3.3\bin;;C:\Program Files\JetBrains\PyCharm Community Edition 2019.3.3\bin;
USERNAME=Lenovo
OS=Windows_NT
PROCESSOR_IDENTIFIER=Intel64 Family 6 Model 142 Stepping 10, GenuineIntel



---------------  S Y S T E M  ---------------

OS: Windows 10.0 , 64 bit Build 18362 (10.0.18362.778)

CPU:total 8 (initial active 8) (4 cores per cpu, 2 threads per core) family 6 model 142 stepping 10, cmov, cx8, fxsr, mmx, sse, sse2, sse3, ssse3, sse4.1, sse4.2, popcnt, avx, avx2, aes, clmul, erms, 3dnowpref, lzcnt, ht, tsc, tscinvbit, bmi1, bmi2, adx

Memory: 4k page, physical 8260236k(2663760k free), swap 8260236k(5688k free)

vm_info: Java HotSpot(TM) 64-Bit Server VM (25.191-b12) for windows-amd64 JRE (1.8.0_191-b12), built on Oct  6 2018 09:29:03 by "java_re" with MS VC++ 10.0 (VS2010)

time: Sat May 23 11:47:40 2020
elapsed time: 0 seconds (0d 0h 0m 0s)

